<?xml version="1.0" encoding="UTF-8"?>
<testsuite xmlns:xsi="http://www.w3.org/2001/XMLSchema-instance" xsi:noNamespaceSchemaLocation="https://maven.apache.org/surefire/maven-failsafe-plugin/xsd/failsafe-test-report-3.0.xsd" version="3.0" name="pt.com.francisco.web.TaskRestControllerTestIT" time="13.657" tests="8" errors="0" skipped="0" failures="0">
  <properties>
[...]
</properties>
  <testcase name="shouldNotGetInexistentTask" classname="pt.com.francisco.web.TaskRestControllerTestIT" time="2.445">
    <system-out><![CDATA[00:16:32.428 [main] INFO org.springframework.test.context.support.AnnotationConfigContextLoaderUtils -- Could not detect default configuration classes for test class [pt.com.francisco.web.TaskRestControllerTestIT]: TaskRestControllerTestIT does not declare any static, non-private, non-final, nested classes annotated with @Configuration.
00:16:32.567 [main] INFO org.springframework.boot.test.context.SpringBootTestContextBootstrapper -- Found @SpringBootConfiguration pt.com.francisco.AppApplication for test class pt.com.francisco.web.TaskRestControllerTestIT

  .   ____          _            __ _ _
 /\\ / ___'_ __ _ _(_)_ __  __ _ \ \ \ \
( ( )\___ | '_ | '_| | '_ \/ _` | \ \ \ \
 \\/  ___)| |_)| | | | | || (_| |  ) ) ) )
  '  |____| .__|_| |_|_| |_\__, | / / / /
 =========|_|==============|___/=/_/_/_/
 :: Spring Boot ::                (v3.2.0)

2024-02-02T00:16:33.435Z  INFO 2250 --- [           main] p.c.f.web.TaskRestControllerTestIT       : Starting TaskRestControllerTestIT using Java 17.0.10 with PID 2250 (started by runner in /home/runner/work/spring-java-template/spring-java-template/frameworks)
2024-02-02T00:16:33.437Z  INFO 2250 --- [           main] p.c.f.web.TaskRestControllerTestIT       : No active profile set, falling back to 1 default profile: "default"
2024-02-02T00:16:34.369Z  INFO 2250 --- [           main] .s.d.r.c.RepositoryConfigurationDelegate : Bootstrapping Spring Data JPA repositories in DEFAULT mode.
2024-02-02T00:16:34.428Z  INFO 2250 --- [           main] .s.d.r.c.RepositoryConfigurationDelegate : Finished Spring Data repository scanning in 46 ms. Found 1 JPA repository interface.
2024-02-02T00:16:35.471Z  INFO 2250 --- [           main] o.s.b.w.embedded.tomcat.TomcatWebServer  : Tomcat initialized with port 0 (http)
2024-02-02T00:16:35.490Z  INFO 2250 --- [           main] o.apache.catalina.core.StandardService   : Starting service [Tomcat]
2024-02-02T00:16:35.491Z  INFO 2250 --- [           main] o.apache.catalina.core.StandardEngine    : Starting Servlet engine: [Apache Tomcat/10.1.16]
2024-02-02T00:16:35.571Z  INFO 2250 --- [           main] o.a.c.c.C.[Tomcat].[localhost].[/]       : Initializing Spring embedded WebApplicationContext
2024-02-02T00:16:35.573Z  INFO 2250 --- [           main] w.s.c.ServletWebServerApplicationContext : Root WebApplicationContext: initialization completed in 1755 ms
2024-02-02T00:16:35.792Z  INFO 2250 --- [           main] com.zaxxer.hikari.HikariDataSource       : HikariPool-1 - Starting...
2024-02-02T00:16:36.258Z  INFO 2250 --- [           main] com.zaxxer.hikari.pool.HikariPool        : HikariPool-1 - Added connection conn0: url=jdbc:h2:mem:78b455f7-df70-4ebf-b662-223d7ee07c26 user=SA
2024-02-02T00:16:36.260Z  INFO 2250 --- [           main] com.zaxxer.hikari.HikariDataSource       : HikariPool-1 - Start completed.
2024-02-02T00:16:36.342Z  INFO 2250 --- [           main] o.hibernate.jpa.internal.util.LogHelper  : HHH000204: Processing PersistenceUnitInfo [name: default]
2024-02-02T00:16:36.439Z  INFO 2250 --- [           main] org.hibernate.Version                    : HHH000412: Hibernate ORM core version 6.3.1.Final
2024-02-02T00:16:36.496Z  INFO 2250 --- [           main] o.h.c.internal.RegionFactoryInitiator    : HHH000026: Second-level cache disabled
2024-02-02T00:16:36.883Z  INFO 2250 --- [           main] o.s.o.j.p.SpringPersistenceUnitInfo      : No LoadTimeWeaver setup: ignoring JPA class transformer
2024-02-02T00:16:38.472Z  INFO 2250 --- [           main] o.h.e.t.j.p.i.JtaPlatformInitiator       : HHH000489: No JTA platform available (set 'hibernate.transaction.jta.platform' to enable JTA platform integration)
2024-02-02T00:16:38.528Z  INFO 2250 --- [           main] j.LocalContainerEntityManagerFactoryBean : Initialized JPA EntityManagerFactory for persistence unit 'default'
2024-02-02T00:16:38.811Z  WARN 2250 --- [           main] JpaBaseConfiguration$JpaWebConfiguration : spring.jpa.open-in-view is enabled by default. Therefore, database queries may be performed during view rendering. Explicitly configure spring.jpa.open-in-view to disable this warning
2024-02-02T00:16:39.120Z  WARN 2250 --- [           main] o.s.b.a.m.MustacheAutoConfiguration      : Cannot find template location: classpath:/templates/ (please add some templates, check your Mustache configuration, or set spring.mustache.check-template-location=false)
2024-02-02T00:16:39.242Z  INFO 2250 --- [           main] o.s.b.w.embedded.tomcat.TomcatWebServer  : Tomcat started on port 45511 (http) with context path ''
2024-02-02T00:16:39.251Z  INFO 2250 --- [           main] p.c.f.web.TaskRestControllerTestIT       : Started TaskRestControllerTestIT in 6.249 seconds (process running for 7.995)
2024-02-02T00:16:39.271Z  INFO 2250 --- [           main] j.LocalContainerEntityManagerFactoryBean : Closing JPA EntityManagerFactory for persistence unit 'default'
2024-02-02T00:16:39.275Z  INFO 2250 --- [           main] com.zaxxer.hikari.HikariDataSource       : HikariPool-1 - Shutdown initiated...
2024-02-02T00:16:39.278Z  INFO 2250 --- [           main] com.zaxxer.hikari.HikariDataSource       : HikariPool-1 - Shutdown completed.

  .   ____          _            __ _ _
 /\\ / ___'_ __ _ _(_)_ __  __ _ \ \ \ \
( ( )\___ | '_ | '_| | '_ \/ _` | \ \ \ \
 \\/  ___)| |_)| | | | | || (_| |  ) ) ) )
  '  |____| .__|_| |_|_| |_\__, | / / / /
 =========|_|==============|___/=/_/_/_/
 :: Spring Boot ::                (v3.2.0)

2024-02-02T00:16:39.314Z  INFO 2250 --- [           main] p.c.f.web.TaskRestControllerTestIT       : Starting TaskRestControllerTestIT using Java 17.0.10 with PID 2250 (started by runner in /home/runner/work/spring-java-template/spring-java-template/frameworks)
2024-02-02T00:16:39.315Z  INFO 2250 --- [           main] p.c.f.web.TaskRestControllerTestIT       : No active profile set, falling back to 1 default profile: "default"
2024-02-02T00:16:39.429Z  INFO 2250 --- [           main] .s.d.r.c.RepositoryConfigurationDelegate : Bootstrapping Spring Data JPA repositories in DEFAULT mode.
2024-02-02T00:16:39.434Z  INFO 2250 --- [           main] .s.d.r.c.RepositoryConfigurationDelegate : Finished Spring Data repository scanning in 4 ms. Found 1 JPA repository interface.
2024-02-02T00:16:39.545Z  INFO 2250 --- [           main] o.s.b.w.embedded.tomcat.TomcatWebServer  : Tomcat initialized with port 0 (http)
2024-02-02T00:16:39.545Z  INFO 2250 --- [           main] o.apache.catalina.core.StandardService   : Starting service [Tomcat]
2024-02-02T00:16:39.546Z  INFO 2250 --- [           main] o.apache.catalina.core.StandardEngine    : Starting Servlet engine: [Apache Tomcat/10.1.16]
2024-02-02T00:16:39.562Z  INFO 2250 --- [           main] o.a.c.c.C.[Tomcat].[localhost].[/]       : Initializing Spring embedded WebApplicationContext
2024-02-02T00:16:39.562Z  INFO 2250 --- [           main] w.s.c.ServletWebServerApplicationContext : Root WebApplicationContext: initialization completed in 244 ms
2024-02-02T00:16:39.602Z  INFO 2250 --- [           main] com.zaxxer.hikari.HikariDataSource       : HikariPool-2 - Starting...
2024-02-02T00:16:39.606Z  INFO 2250 --- [           main] com.zaxxer.hikari.pool.HikariPool        : HikariPool-2 - Added connection conn10: url=jdbc:h2:mem:465e97dd-7e24-46d6-807c-3d211fd2729f user=SA
2024-02-02T00:16:39.607Z  INFO 2250 --- [           main] com.zaxxer.hikari.HikariDataSource       : HikariPool-2 - Start completed.
2024-02-02T00:16:39.608Z  INFO 2250 --- [           main] o.hibernate.jpa.internal.util.LogHelper  : HHH000204: Processing PersistenceUnitInfo [name: default]
2024-02-02T00:16:39.610Z  INFO 2250 --- [           main] o.h.c.internal.RegionFactoryInitiator    : HHH000026: Second-level cache disabled
2024-02-02T00:16:39.613Z  INFO 2250 --- [           main] o.s.o.j.p.SpringPersistenceUnitInfo      : No LoadTimeWeaver setup: ignoring JPA class transformer
2024-02-02T00:16:39.659Z  INFO 2250 --- [           main] o.h.e.t.j.p.i.JtaPlatformInitiator       : HHH000489: No JTA platform available (set 'hibernate.transaction.jta.platform' to enable JTA platform integration)
2024-02-02T00:16:39.663Z  INFO 2250 --- [           main] j.LocalContainerEntityManagerFactoryBean : Initialized JPA EntityManagerFactory for persistence unit 'default'
2024-02-02T00:16:39.707Z  WARN 2250 --- [           main] JpaBaseConfiguration$JpaWebConfiguration : spring.jpa.open-in-view is enabled by default. Therefore, database queries may be performed during view rendering. Explicitly configure spring.jpa.open-in-view to disable this warning
2024-02-02T00:16:39.788Z  WARN 2250 --- [           main] o.s.b.a.m.MustacheAutoConfiguration      : Cannot find template location: classpath:/templates/ (please add some templates, check your Mustache configuration, or set spring.mustache.check-template-location=false)
2024-02-02T00:16:39.824Z  INFO 2250 --- [           main] o.s.b.w.embedded.tomcat.TomcatWebServer  : Tomcat started on port 39355 (http) with context path ''
2024-02-02T00:16:39.829Z  INFO 2250 --- [           main] p.c.f.web.TaskRestControllerTestIT       : Started TaskRestControllerTestIT in 0.544 seconds (process running for 8.573)
2024-02-02T00:16:41.412Z  INFO 2250 --- [o-auto-2-exec-1] o.a.c.c.C.[Tomcat].[localhost].[/]       : Initializing Spring DispatcherServlet 'dispatcherServlet'
2024-02-02T00:16:41.412Z  INFO 2250 --- [o-auto-2-exec-1] o.s.web.servlet.DispatcherServlet        : Initializing Servlet 'dispatcherServlet'
2024-02-02T00:16:41.414Z  INFO 2250 --- [o-auto-2-exec-1] o.s.web.servlet.DispatcherServlet        : Completed initialization in 2 ms
]]></system-out>
    <system-err><![CDATA[SLF4J: Class path contains multiple SLF4J providers.
SLF4J: Found provider [ch.qos.logback.classic.spi.LogbackServiceProvider@2cae1042]
SLF4J: Found provider [org.slf4j.simple.SimpleServiceProvider@163d04ff]
SLF4J: See https://www.slf4j.org/codes.html#multiple_bindings for an explanation.
SLF4J: Actual provider is of type [ch.qos.logback.classic.spi.LogbackServiceProvider@2cae1042]
]]></system-err>
  </testcase>
  <testcase name="shouldNotCreateTaskWithInvalidModel" classname="pt.com.francisco.web.TaskRestControllerTestIT" time="0.546">
    <system-out><![CDATA[2024-02-02T00:16:41.710Z  INFO 2250 --- [           main] j.LocalContainerEntityManagerFactoryBean : Closing JPA EntityManagerFactory for persistence unit 'default'
2024-02-02T00:16:41.712Z  INFO 2250 --- [           main] com.zaxxer.hikari.HikariDataSource       : HikariPool-2 - Shutdown initiated...
2024-02-02T00:16:41.713Z  INFO 2250 --- [           main] com.zaxxer.hikari.HikariDataSource       : HikariPool-2 - Shutdown completed.

  .   ____          _            __ _ _
 /\\ / ___'_ __ _ _(_)_ __  __ _ \ \ \ \
( ( )\___ | '_ | '_| | '_ \/ _` | \ \ \ \
 \\/  ___)| |_)| | | | | || (_| |  ) ) ) )
  '  |____| .__|_| |_|_| |_\__, | / / / /
 =========|_|==============|___/=/_/_/_/
 :: Spring Boot ::                (v3.2.0)

2024-02-02T00:16:41.742Z  INFO 2250 --- [           main] p.c.f.web.TaskRestControllerTestIT       : Starting TaskRestControllerTestIT using Java 17.0.10 with PID 2250 (started by runner in /home/runner/work/spring-java-template/spring-java-template/frameworks)
2024-02-02T00:16:41.742Z  INFO 2250 --- [           main] p.c.f.web.TaskRestControllerTestIT       : No active profile set, falling back to 1 default profile: "default"
2024-02-02T00:16:41.832Z  INFO 2250 --- [           main] .s.d.r.c.RepositoryConfigurationDelegate : Bootstrapping Spring Data JPA repositories in DEFAULT mode.
2024-02-02T00:16:41.836Z  INFO 2250 --- [           main] .s.d.r.c.RepositoryConfigurationDelegate : Finished Spring Data repository scanning in 3 ms. Found 1 JPA repository interface.
2024-02-02T00:16:41.926Z  INFO 2250 --- [           main] o.s.b.w.embedded.tomcat.TomcatWebServer  : Tomcat initialized with port 0 (http)
2024-02-02T00:16:41.926Z  INFO 2250 --- [           main] o.apache.catalina.core.StandardService   : Starting service [Tomcat]
2024-02-02T00:16:41.927Z  INFO 2250 --- [           main] o.apache.catalina.core.StandardEngine    : Starting Servlet engine: [Apache Tomcat/10.1.16]
2024-02-02T00:16:41.942Z  INFO 2250 --- [           main] o.a.c.c.C.[Tomcat].[localhost].[/]       : Initializing Spring embedded WebApplicationContext
2024-02-02T00:16:41.942Z  INFO 2250 --- [           main] w.s.c.ServletWebServerApplicationContext : Root WebApplicationContext: initialization completed in 198 ms
2024-02-02T00:16:41.975Z  INFO 2250 --- [           main] com.zaxxer.hikari.HikariDataSource       : HikariPool-3 - Starting...
2024-02-02T00:16:41.980Z  INFO 2250 --- [           main] com.zaxxer.hikari.pool.HikariPool        : HikariPool-3 - Added connection conn20: url=jdbc:h2:mem:8338c61c-4fa3-40ff-8421-5cdc4e894b6d user=SA
2024-02-02T00:16:41.980Z  INFO 2250 --- [           main] com.zaxxer.hikari.HikariDataSource       : HikariPool-3 - Start completed.
2024-02-02T00:16:41.981Z  INFO 2250 --- [           main] o.hibernate.jpa.internal.util.LogHelper  : HHH000204: Processing PersistenceUnitInfo [name: default]
2024-02-02T00:16:41.983Z  INFO 2250 --- [           main] o.h.c.internal.RegionFactoryInitiator    : HHH000026: Second-level cache disabled
2024-02-02T00:16:41.986Z  INFO 2250 --- [           main] o.s.o.j.p.SpringPersistenceUnitInfo      : No LoadTimeWeaver setup: ignoring JPA class transformer
2024-02-02T00:16:42.025Z  INFO 2250 --- [           main] o.h.e.t.j.p.i.JtaPlatformInitiator       : HHH000489: No JTA platform available (set 'hibernate.transaction.jta.platform' to enable JTA platform integration)
2024-02-02T00:16:42.029Z  INFO 2250 --- [           main] j.LocalContainerEntityManagerFactoryBean : Initialized JPA EntityManagerFactory for persistence unit 'default'
2024-02-02T00:16:42.065Z  WARN 2250 --- [           main] JpaBaseConfiguration$JpaWebConfiguration : spring.jpa.open-in-view is enabled by default. Therefore, database queries may be performed during view rendering. Explicitly configure spring.jpa.open-in-view to disable this warning
2024-02-02T00:16:42.120Z  WARN 2250 --- [           main] o.s.b.a.m.MustacheAutoConfiguration      : Cannot find template location: classpath:/templates/ (please add some templates, check your Mustache configuration, or set spring.mustache.check-template-location=false)
2024-02-02T00:16:42.145Z  INFO 2250 --- [           main] o.s.b.w.embedded.tomcat.TomcatWebServer  : Tomcat started on port 35795 (http) with context path ''
2024-02-02T00:16:42.147Z  INFO 2250 --- [           main] p.c.f.web.TaskRestControllerTestIT       : Started TaskRestControllerTestIT in 0.429 seconds (process running for 10.892)
2024-02-02T00:16:42.201Z  INFO 2250 --- [o-auto-3-exec-1] o.a.c.c.C.[Tomcat].[localhost].[/]       : Initializing Spring DispatcherServlet 'dispatcherServlet'
2024-02-02T00:16:42.202Z  INFO 2250 --- [o-auto-3-exec-1] o.s.web.servlet.DispatcherServlet        : Initializing Servlet 'dispatcherServlet'
2024-02-02T00:16:42.202Z  INFO 2250 --- [o-auto-3-exec-1] o.s.web.servlet.DispatcherServlet        : Completed initialization in 0 ms
]]></system-out>
  </testcase>
  <testcase name="shouldUpdateNewTask" classname="pt.com.francisco.web.TaskRestControllerTestIT" time="0.581">
    <system-out><![CDATA[2024-02-02T00:16:42.258Z  INFO 2250 --- [           main] j.LocalContainerEntityManagerFactoryBean : Closing JPA EntityManagerFactory for persistence unit 'default'
2024-02-02T00:16:42.260Z  INFO 2250 --- [           main] com.zaxxer.hikari.HikariDataSource       : HikariPool-3 - Shutdown initiated...
2024-02-02T00:16:42.262Z  INFO 2250 --- [           main] com.zaxxer.hikari.HikariDataSource       : HikariPool-3 - Shutdown completed.

  .   ____          _            __ _ _
 /\\ / ___'_ __ _ _(_)_ __  __ _ \ \ \ \
( ( )\___ | '_ | '_| | '_ \/ _` | \ \ \ \
 \\/  ___)| |_)| | | | | || (_| |  ) ) ) )
  '  |____| .__|_| |_|_| |_\__, | / / / /
 =========|_|==============|___/=/_/_/_/
 :: Spring Boot ::                (v3.2.0)

2024-02-02T00:16:42.286Z  INFO 2250 --- [           main] p.c.f.web.TaskRestControllerTestIT       : Starting TaskRestControllerTestIT using Java 17.0.10 with PID 2250 (started by runner in /home/runner/work/spring-java-template/spring-java-template/frameworks)
2024-02-02T00:16:42.286Z  INFO 2250 --- [           main] p.c.f.web.TaskRestControllerTestIT       : No active profile set, falling back to 1 default profile: "default"
2024-02-02T00:16:42.388Z  INFO 2250 --- [           main] .s.d.r.c.RepositoryConfigurationDelegate : Bootstrapping Spring Data JPA repositories in DEFAULT mode.
2024-02-02T00:16:42.392Z  INFO 2250 --- [           main] .s.d.r.c.RepositoryConfigurationDelegate : Finished Spring Data repository scanning in 4 ms. Found 1 JPA repository interface.
2024-02-02T00:16:42.485Z  INFO 2250 --- [           main] o.s.b.w.embedded.tomcat.TomcatWebServer  : Tomcat initialized with port 0 (http)
2024-02-02T00:16:42.486Z  INFO 2250 --- [           main] o.apache.catalina.core.StandardService   : Starting service [Tomcat]
2024-02-02T00:16:42.486Z  INFO 2250 --- [           main] o.apache.catalina.core.StandardEngine    : Starting Servlet engine: [Apache Tomcat/10.1.16]
2024-02-02T00:16:42.500Z  INFO 2250 --- [           main] o.a.c.c.C.[Tomcat].[localhost].[/]       : Initializing Spring embedded WebApplicationContext
2024-02-02T00:16:42.500Z  INFO 2250 --- [           main] w.s.c.ServletWebServerApplicationContext : Root WebApplicationContext: initialization completed in 212 ms
2024-02-02T00:16:42.534Z  INFO 2250 --- [           main] com.zaxxer.hikari.HikariDataSource       : HikariPool-4 - Starting...
2024-02-02T00:16:42.538Z  INFO 2250 --- [           main] com.zaxxer.hikari.pool.HikariPool        : HikariPool-4 - Added connection conn30: url=jdbc:h2:mem:b2f56a82-41a8-4c5c-b76d-e40648a282a3 user=SA
2024-02-02T00:16:42.538Z  INFO 2250 --- [           main] com.zaxxer.hikari.HikariDataSource       : HikariPool-4 - Start completed.
2024-02-02T00:16:42.540Z  INFO 2250 --- [           main] o.hibernate.jpa.internal.util.LogHelper  : HHH000204: Processing PersistenceUnitInfo [name: default]
2024-02-02T00:16:42.542Z  INFO 2250 --- [           main] o.h.c.internal.RegionFactoryInitiator    : HHH000026: Second-level cache disabled
2024-02-02T00:16:42.545Z  INFO 2250 --- [           main] o.s.o.j.p.SpringPersistenceUnitInfo      : No LoadTimeWeaver setup: ignoring JPA class transformer
2024-02-02T00:16:42.579Z  INFO 2250 --- [           main] o.h.e.t.j.p.i.JtaPlatformInitiator       : HHH000489: No JTA platform available (set 'hibernate.transaction.jta.platform' to enable JTA platform integration)
2024-02-02T00:16:42.583Z  INFO 2250 --- [           main] j.LocalContainerEntityManagerFactoryBean : Initialized JPA EntityManagerFactory for persistence unit 'default'
2024-02-02T00:16:42.620Z  WARN 2250 --- [           main] JpaBaseConfiguration$JpaWebConfiguration : spring.jpa.open-in-view is enabled by default. Therefore, database queries may be performed during view rendering. Explicitly configure spring.jpa.open-in-view to disable this warning
2024-02-02T00:16:42.679Z  WARN 2250 --- [           main] o.s.b.a.m.MustacheAutoConfiguration      : Cannot find template location: classpath:/templates/ (please add some templates, check your Mustache configuration, or set spring.mustache.check-template-location=false)
2024-02-02T00:16:42.721Z  INFO 2250 --- [           main] o.s.b.w.embedded.tomcat.TomcatWebServer  : Tomcat started on port 36279 (http) with context path ''
2024-02-02T00:16:42.725Z  INFO 2250 --- [           main] p.c.f.web.TaskRestControllerTestIT       : Started TaskRestControllerTestIT in 0.458 seconds (process running for 11.469)
2024-02-02T00:16:42.749Z  INFO 2250 --- [o-auto-4-exec-1] o.a.c.c.C.[Tomcat].[localhost].[/]       : Initializing Spring DispatcherServlet 'dispatcherServlet'
2024-02-02T00:16:42.749Z  INFO 2250 --- [o-auto-4-exec-1] o.s.web.servlet.DispatcherServlet        : Initializing Servlet 'dispatcherServlet'
2024-02-02T00:16:42.751Z  INFO 2250 --- [o-auto-4-exec-1] o.s.web.servlet.DispatcherServlet        : Completed initialization in 2 ms
]]></system-out>
  </testcase>
  <testcase name="shouldCreateTask" classname="pt.com.francisco.web.TaskRestControllerTestIT" time="1.051">
    <system-out><![CDATA[2024-02-02T00:16:42.838Z  INFO 2250 --- [           main] j.LocalContainerEntityManagerFactoryBean : Closing JPA EntityManagerFactory for persistence unit 'default'
2024-02-02T00:16:42.840Z  INFO 2250 --- [           main] com.zaxxer.hikari.HikariDataSource       : HikariPool-4 - Shutdown initiated...
2024-02-02T00:16:42.842Z  INFO 2250 --- [           main] com.zaxxer.hikari.HikariDataSource       : HikariPool-4 - Shutdown completed.

  .   ____          _            __ _ _
 /\\ / ___'_ __ _ _(_)_ __  __ _ \ \ \ \
( ( )\___ | '_ | '_| | '_ \/ _` | \ \ \ \
 \\/  ___)| |_)| | | | | || (_| |  ) ) ) )
  '  |____| .__|_| |_|_| |_\__, | / / / /
 =========|_|==============|___/=/_/_/_/
 :: Spring Boot ::                (v3.2.0)

2024-02-02T00:16:42.869Z  INFO 2250 --- [           main] p.c.f.web.TaskRestControllerTestIT       : Starting TaskRestControllerTestIT using Java 17.0.10 with PID 2250 (started by runner in /home/runner/work/spring-java-template/spring-java-template/frameworks)
2024-02-02T00:16:42.869Z  INFO 2250 --- [           main] p.c.f.web.TaskRestControllerTestIT       : No active profile set, falling back to 1 default profile: "default"
2024-02-02T00:16:42.935Z  INFO 2250 --- [           main] .s.d.r.c.RepositoryConfigurationDelegate : Bootstrapping Spring Data JPA repositories in DEFAULT mode.
2024-02-02T00:16:42.938Z  INFO 2250 --- [           main] .s.d.r.c.RepositoryConfigurationDelegate : Finished Spring Data repository scanning in 2 ms. Found 1 JPA repository interface.
2024-02-02T00:16:43.003Z  INFO 2250 --- [           main] o.s.b.w.embedded.tomcat.TomcatWebServer  : Tomcat initialized with port 0 (http)
2024-02-02T00:16:43.004Z  INFO 2250 --- [           main] o.apache.catalina.core.StandardService   : Starting service [Tomcat]
2024-02-02T00:16:43.004Z  INFO 2250 --- [           main] o.apache.catalina.core.StandardEngine    : Starting Servlet engine: [Apache Tomcat/10.1.16]
2024-02-02T00:16:43.014Z  INFO 2250 --- [           main] o.a.c.c.C.[Tomcat].[localhost].[/]       : Initializing Spring embedded WebApplicationContext
2024-02-02T00:16:43.014Z  INFO 2250 --- [           main] w.s.c.ServletWebServerApplicationContext : Root WebApplicationContext: initialization completed in 144 ms
2024-02-02T00:16:43.036Z  INFO 2250 --- [           main] com.zaxxer.hikari.HikariDataSource       : HikariPool-5 - Starting...
2024-02-02T00:16:43.040Z  INFO 2250 --- [           main] com.zaxxer.hikari.pool.HikariPool        : HikariPool-5 - Added connection conn40: url=jdbc:h2:mem:cacaac01-29ba-44a2-aaa2-b5711dd9a741 user=SA
2024-02-02T00:16:43.040Z  INFO 2250 --- [           main] com.zaxxer.hikari.HikariDataSource       : HikariPool-5 - Start completed.
2024-02-02T00:16:43.042Z  INFO 2250 --- [           main] o.hibernate.jpa.internal.util.LogHelper  : HHH000204: Processing PersistenceUnitInfo [name: default]
2024-02-02T00:16:43.044Z  INFO 2250 --- [           main] o.h.c.internal.RegionFactoryInitiator    : HHH000026: Second-level cache disabled
2024-02-02T00:16:43.047Z  INFO 2250 --- [           main] o.s.o.j.p.SpringPersistenceUnitInfo      : No LoadTimeWeaver setup: ignoring JPA class transformer
2024-02-02T00:16:43.082Z  INFO 2250 --- [           main] o.h.e.t.j.p.i.JtaPlatformInitiator       : HHH000489: No JTA platform available (set 'hibernate.transaction.jta.platform' to enable JTA platform integration)
2024-02-02T00:16:43.085Z  INFO 2250 --- [           main] j.LocalContainerEntityManagerFactoryBean : Initialized JPA EntityManagerFactory for persistence unit 'default'
2024-02-02T00:16:43.111Z  WARN 2250 --- [           main] JpaBaseConfiguration$JpaWebConfiguration : spring.jpa.open-in-view is enabled by default. Therefore, database queries may be performed during view rendering. Explicitly configure spring.jpa.open-in-view to disable this warning
2024-02-02T00:16:43.155Z  WARN 2250 --- [           main] o.s.b.a.m.MustacheAutoConfiguration      : Cannot find template location: classpath:/templates/ (please add some templates, check your Mustache configuration, or set spring.mustache.check-template-location=false)
2024-02-02T00:16:43.177Z  INFO 2250 --- [           main] o.s.b.w.embedded.tomcat.TomcatWebServer  : Tomcat started on port 45637 (http) with context path ''
2024-02-02T00:16:43.179Z  INFO 2250 --- [           main] p.c.f.web.TaskRestControllerTestIT       : Started TaskRestControllerTestIT in 0.331 seconds (process running for 11.924)
2024-02-02T00:16:43.203Z  INFO 2250 --- [o-auto-5-exec-1] o.a.c.c.C.[Tomcat].[localhost].[/]       : Initializing Spring DispatcherServlet 'dispatcherServlet'
2024-02-02T00:16:43.203Z  INFO 2250 --- [o-auto-5-exec-1] o.s.web.servlet.DispatcherServlet        : Initializing Servlet 'dispatcherServlet'
2024-02-02T00:16:43.204Z  INFO 2250 --- [o-auto-5-exec-1] o.s.web.servlet.DispatcherServlet        : Completed initialization in 1 ms
]]></system-out>
  </testcase>
  <testcase name="shouldGetTwoTasks" classname="pt.com.francisco.web.TaskRestControllerTestIT" time="0.597">
    <system-out><![CDATA[2024-02-02T00:16:43.893Z  INFO 2250 --- [           main] j.LocalContainerEntityManagerFactoryBean : Closing JPA EntityManagerFactory for persistence unit 'default'
2024-02-02T00:16:43.895Z  INFO 2250 --- [           main] com.zaxxer.hikari.HikariDataSource       : HikariPool-5 - Shutdown initiated...
2024-02-02T00:16:43.896Z  INFO 2250 --- [           main] com.zaxxer.hikari.HikariDataSource       : HikariPool-5 - Shutdown completed.

  .   ____          _            __ _ _
 /\\ / ___'_ __ _ _(_)_ __  __ _ \ \ \ \
( ( )\___ | '_ | '_| | '_ \/ _` | \ \ \ \
 \\/  ___)| |_)| | | | | || (_| |  ) ) ) )
  '  |____| .__|_| |_|_| |_\__, | / / / /
 =========|_|==============|___/=/_/_/_/
 :: Spring Boot ::                (v3.2.0)

2024-02-02T00:16:43.919Z  INFO 2250 --- [           main] p.c.f.web.TaskRestControllerTestIT       : Starting TaskRestControllerTestIT using Java 17.0.10 with PID 2250 (started by runner in /home/runner/work/spring-java-template/spring-java-template/frameworks)
2024-02-02T00:16:43.919Z  INFO 2250 --- [           main] p.c.f.web.TaskRestControllerTestIT       : No active profile set, falling back to 1 default profile: "default"
2024-02-02T00:16:43.996Z  INFO 2250 --- [           main] .s.d.r.c.RepositoryConfigurationDelegate : Bootstrapping Spring Data JPA repositories in DEFAULT mode.
2024-02-02T00:16:44.001Z  INFO 2250 --- [           main] .s.d.r.c.RepositoryConfigurationDelegate : Finished Spring Data repository scanning in 4 ms. Found 1 JPA repository interface.
2024-02-02T00:16:44.081Z  INFO 2250 --- [           main] o.s.b.w.embedded.tomcat.TomcatWebServer  : Tomcat initialized with port 0 (http)
2024-02-02T00:16:44.082Z  INFO 2250 --- [           main] o.apache.catalina.core.StandardService   : Starting service [Tomcat]
2024-02-02T00:16:44.082Z  INFO 2250 --- [           main] o.apache.catalina.core.StandardEngine    : Starting Servlet engine: [Apache Tomcat/10.1.16]
2024-02-02T00:16:44.095Z  INFO 2250 --- [           main] o.a.c.c.C.[Tomcat].[localhost].[/]       : Initializing Spring embedded WebApplicationContext
2024-02-02T00:16:44.096Z  INFO 2250 --- [           main] w.s.c.ServletWebServerApplicationContext : Root WebApplicationContext: initialization completed in 175 ms
2024-02-02T00:16:44.127Z  INFO 2250 --- [           main] com.zaxxer.hikari.HikariDataSource       : HikariPool-6 - Starting...
2024-02-02T00:16:44.130Z  INFO 2250 --- [           main] com.zaxxer.hikari.pool.HikariPool        : HikariPool-6 - Added connection conn50: url=jdbc:h2:mem:6a845db4-e3f6-4ea0-a5c8-a7071d6d9176 user=SA
2024-02-02T00:16:44.130Z  INFO 2250 --- [           main] com.zaxxer.hikari.HikariDataSource       : HikariPool-6 - Start completed.
2024-02-02T00:16:44.131Z  INFO 2250 --- [           main] o.hibernate.jpa.internal.util.LogHelper  : HHH000204: Processing PersistenceUnitInfo [name: default]
2024-02-02T00:16:44.134Z  INFO 2250 --- [           main] o.h.c.internal.RegionFactoryInitiator    : HHH000026: Second-level cache disabled
2024-02-02T00:16:44.137Z  INFO 2250 --- [           main] o.s.o.j.p.SpringPersistenceUnitInfo      : No LoadTimeWeaver setup: ignoring JPA class transformer
2024-02-02T00:16:44.169Z  INFO 2250 --- [           main] o.h.e.t.j.p.i.JtaPlatformInitiator       : HHH000489: No JTA platform available (set 'hibernate.transaction.jta.platform' to enable JTA platform integration)
2024-02-02T00:16:44.172Z  INFO 2250 --- [           main] j.LocalContainerEntityManagerFactoryBean : Initialized JPA EntityManagerFactory for persistence unit 'default'
2024-02-02T00:16:44.202Z  WARN 2250 --- [           main] JpaBaseConfiguration$JpaWebConfiguration : spring.jpa.open-in-view is enabled by default. Therefore, database queries may be performed during view rendering. Explicitly configure spring.jpa.open-in-view to disable this warning
2024-02-02T00:16:44.252Z  WARN 2250 --- [           main] o.s.b.a.m.MustacheAutoConfiguration      : Cannot find template location: classpath:/templates/ (please add some templates, check your Mustache configuration, or set spring.mustache.check-template-location=false)
2024-02-02T00:16:44.275Z  INFO 2250 --- [           main] o.s.b.w.embedded.tomcat.TomcatWebServer  : Tomcat started on port 40583 (http) with context path ''
2024-02-02T00:16:44.278Z  INFO 2250 --- [           main] p.c.f.web.TaskRestControllerTestIT       : Started TaskRestControllerTestIT in 0.378 seconds (process running for 13.022)
2024-02-02T00:16:44.295Z  INFO 2250 --- [o-auto-6-exec-1] o.a.c.c.C.[Tomcat].[localhost].[/]       : Initializing Spring DispatcherServlet 'dispatcherServlet'
2024-02-02T00:16:44.296Z  INFO 2250 --- [o-auto-6-exec-1] o.s.web.servlet.DispatcherServlet        : Initializing Servlet 'dispatcherServlet'
2024-02-02T00:16:44.296Z  INFO 2250 --- [o-auto-6-exec-1] o.s.web.servlet.DispatcherServlet        : Completed initialization in 0 ms
]]></system-out>
  </testcase>
  <testcase name="shouldUpdateExistentTask" classname="pt.com.francisco.web.TaskRestControllerTestIT" time="0.449">
    <system-out><![CDATA[2024-02-02T00:16:44.491Z  INFO 2250 --- [           main] j.LocalContainerEntityManagerFactoryBean : Closing JPA EntityManagerFactory for persistence unit 'default'
2024-02-02T00:16:44.492Z  INFO 2250 --- [           main] com.zaxxer.hikari.HikariDataSource       : HikariPool-6 - Shutdown initiated...
2024-02-02T00:16:44.503Z  INFO 2250 --- [           main] com.zaxxer.hikari.HikariDataSource       : HikariPool-6 - Shutdown completed.

  .   ____          _            __ _ _
 /\\ / ___'_ __ _ _(_)_ __  __ _ \ \ \ \
( ( )\___ | '_ | '_| | '_ \/ _` | \ \ \ \
 \\/  ___)| |_)| | | | | || (_| |  ) ) ) )
  '  |____| .__|_| |_|_| |_\__, | / / / /
 =========|_|==============|___/=/_/_/_/
 :: Spring Boot ::                (v3.2.0)

2024-02-02T00:16:44.525Z  INFO 2250 --- [           main] p.c.f.web.TaskRestControllerTestIT       : Starting TaskRestControllerTestIT using Java 17.0.10 with PID 2250 (started by runner in /home/runner/work/spring-java-template/spring-java-template/frameworks)
2024-02-02T00:16:44.525Z  INFO 2250 --- [           main] p.c.f.web.TaskRestControllerTestIT       : No active profile set, falling back to 1 default profile: "default"
2024-02-02T00:16:44.583Z  INFO 2250 --- [           main] .s.d.r.c.RepositoryConfigurationDelegate : Bootstrapping Spring Data JPA repositories in DEFAULT mode.
2024-02-02T00:16:44.586Z  INFO 2250 --- [           main] .s.d.r.c.RepositoryConfigurationDelegate : Finished Spring Data repository scanning in 2 ms. Found 1 JPA repository interface.
2024-02-02T00:16:44.647Z  INFO 2250 --- [           main] o.s.b.w.embedded.tomcat.TomcatWebServer  : Tomcat initialized with port 0 (http)
2024-02-02T00:16:44.647Z  INFO 2250 --- [           main] o.apache.catalina.core.StandardService   : Starting service [Tomcat]
2024-02-02T00:16:44.648Z  INFO 2250 --- [           main] o.apache.catalina.core.StandardEngine    : Starting Servlet engine: [Apache Tomcat/10.1.16]
2024-02-02T00:16:44.657Z  INFO 2250 --- [           main] o.a.c.c.C.[Tomcat].[localhost].[/]       : Initializing Spring embedded WebApplicationContext
2024-02-02T00:16:44.657Z  INFO 2250 --- [           main] w.s.c.ServletWebServerApplicationContext : Root WebApplicationContext: initialization completed in 131 ms
2024-02-02T00:16:44.677Z  INFO 2250 --- [           main] com.zaxxer.hikari.HikariDataSource       : HikariPool-7 - Starting...
2024-02-02T00:16:44.681Z  INFO 2250 --- [           main] com.zaxxer.hikari.pool.HikariPool        : HikariPool-7 - Added connection conn60: url=jdbc:h2:mem:73983b4c-5f2e-45df-b64b-42b390be09e8 user=SA
2024-02-02T00:16:44.682Z  INFO 2250 --- [           main] com.zaxxer.hikari.HikariDataSource       : HikariPool-7 - Start completed.
2024-02-02T00:16:44.683Z  INFO 2250 --- [           main] o.hibernate.jpa.internal.util.LogHelper  : HHH000204: Processing PersistenceUnitInfo [name: default]
2024-02-02T00:16:44.685Z  INFO 2250 --- [           main] o.h.c.internal.RegionFactoryInitiator    : HHH000026: Second-level cache disabled
2024-02-02T00:16:44.687Z  INFO 2250 --- [           main] o.s.o.j.p.SpringPersistenceUnitInfo      : No LoadTimeWeaver setup: ignoring JPA class transformer
2024-02-02T00:16:44.719Z  INFO 2250 --- [           main] o.h.e.t.j.p.i.JtaPlatformInitiator       : HHH000489: No JTA platform available (set 'hibernate.transaction.jta.platform' to enable JTA platform integration)
2024-02-02T00:16:44.722Z  INFO 2250 --- [           main] j.LocalContainerEntityManagerFactoryBean : Initialized JPA EntityManagerFactory for persistence unit 'default'
2024-02-02T00:16:44.747Z  WARN 2250 --- [           main] JpaBaseConfiguration$JpaWebConfiguration : spring.jpa.open-in-view is enabled by default. Therefore, database queries may be performed during view rendering. Explicitly configure spring.jpa.open-in-view to disable this warning
2024-02-02T00:16:44.784Z  WARN 2250 --- [           main] o.s.b.a.m.MustacheAutoConfiguration      : Cannot find template location: classpath:/templates/ (please add some templates, check your Mustache configuration, or set spring.mustache.check-template-location=false)
2024-02-02T00:16:44.803Z  INFO 2250 --- [           main] o.s.b.w.embedded.tomcat.TomcatWebServer  : Tomcat started on port 37067 (http) with context path ''
2024-02-02T00:16:44.806Z  INFO 2250 --- [           main] p.c.f.web.TaskRestControllerTestIT       : Started TaskRestControllerTestIT in 0.298 seconds (process running for 13.55)
2024-02-02T00:16:44.824Z  INFO 2250 --- [o-auto-7-exec-1] o.a.c.c.C.[Tomcat].[localhost].[/]       : Initializing Spring DispatcherServlet 'dispatcherServlet'
2024-02-02T00:16:44.824Z  INFO 2250 --- [o-auto-7-exec-1] o.s.web.servlet.DispatcherServlet        : Initializing Servlet 'dispatcherServlet'
2024-02-02T00:16:44.825Z  INFO 2250 --- [o-auto-7-exec-1] o.s.web.servlet.DispatcherServlet        : Completed initialization in 1 ms
]]></system-out>
  </testcase>
  <testcase name="shouldGetNoTasks" classname="pt.com.francisco.web.TaskRestControllerTestIT" time="0.389">
    <system-out><![CDATA[2024-02-02T00:16:44.939Z  INFO 2250 --- [           main] j.LocalContainerEntityManagerFactoryBean : Closing JPA EntityManagerFactory for persistence unit 'default'
2024-02-02T00:16:44.941Z  INFO 2250 --- [           main] com.zaxxer.hikari.HikariDataSource       : HikariPool-7 - Shutdown initiated...
2024-02-02T00:16:44.942Z  INFO 2250 --- [           main] com.zaxxer.hikari.HikariDataSource       : HikariPool-7 - Shutdown completed.

  .   ____          _            __ _ _
 /\\ / ___'_ __ _ _(_)_ __  __ _ \ \ \ \
( ( )\___ | '_ | '_| | '_ \/ _` | \ \ \ \
 \\/  ___)| |_)| | | | | || (_| |  ) ) ) )
  '  |____| .__|_| |_|_| |_\__, | / / / /
 =========|_|==============|___/=/_/_/_/
 :: Spring Boot ::                (v3.2.0)

2024-02-02T00:16:44.960Z  INFO 2250 --- [           main] p.c.f.web.TaskRestControllerTestIT       : Starting TaskRestControllerTestIT using Java 17.0.10 with PID 2250 (started by runner in /home/runner/work/spring-java-template/spring-java-template/frameworks)
2024-02-02T00:16:44.960Z  INFO 2250 --- [           main] p.c.f.web.TaskRestControllerTestIT       : No active profile set, falling back to 1 default profile: "default"
2024-02-02T00:16:45.022Z  INFO 2250 --- [           main] .s.d.r.c.RepositoryConfigurationDelegate : Bootstrapping Spring Data JPA repositories in DEFAULT mode.
2024-02-02T00:16:45.026Z  INFO 2250 --- [           main] .s.d.r.c.RepositoryConfigurationDelegate : Finished Spring Data repository scanning in 3 ms. Found 1 JPA repository interface.
2024-02-02T00:16:45.074Z  INFO 2250 --- [           main] o.s.b.w.embedded.tomcat.TomcatWebServer  : Tomcat initialized with port 0 (http)
2024-02-02T00:16:45.075Z  INFO 2250 --- [           main] o.apache.catalina.core.StandardService   : Starting service [Tomcat]
2024-02-02T00:16:45.075Z  INFO 2250 --- [           main] o.apache.catalina.core.StandardEngine    : Starting Servlet engine: [Apache Tomcat/10.1.16]
2024-02-02T00:16:45.083Z  INFO 2250 --- [           main] o.a.c.c.C.[Tomcat].[localhost].[/]       : Initializing Spring embedded WebApplicationContext
2024-02-02T00:16:45.083Z  INFO 2250 --- [           main] w.s.c.ServletWebServerApplicationContext : Root WebApplicationContext: initialization completed in 122 ms
2024-02-02T00:16:45.103Z  INFO 2250 --- [           main] com.zaxxer.hikari.HikariDataSource       : HikariPool-8 - Starting...
2024-02-02T00:16:45.105Z  INFO 2250 --- [           main] com.zaxxer.hikari.pool.HikariPool        : HikariPool-8 - Added connection conn70: url=jdbc:h2:mem:6f812437-06de-4d4e-8d93-19959b80d05d user=SA
2024-02-02T00:16:45.106Z  INFO 2250 --- [           main] com.zaxxer.hikari.HikariDataSource       : HikariPool-8 - Start completed.
2024-02-02T00:16:45.106Z  INFO 2250 --- [           main] o.hibernate.jpa.internal.util.LogHelper  : HHH000204: Processing PersistenceUnitInfo [name: default]
2024-02-02T00:16:45.108Z  INFO 2250 --- [           main] o.h.c.internal.RegionFactoryInitiator    : HHH000026: Second-level cache disabled
2024-02-02T00:16:45.110Z  INFO 2250 --- [           main] o.s.o.j.p.SpringPersistenceUnitInfo      : No LoadTimeWeaver setup: ignoring JPA class transformer
2024-02-02T00:16:45.148Z  INFO 2250 --- [           main] o.h.e.t.j.p.i.JtaPlatformInitiator       : HHH000489: No JTA platform available (set 'hibernate.transaction.jta.platform' to enable JTA platform integration)
2024-02-02T00:16:45.154Z  INFO 2250 --- [           main] j.LocalContainerEntityManagerFactoryBean : Initialized JPA EntityManagerFactory for persistence unit 'default'
2024-02-02T00:16:45.190Z  WARN 2250 --- [           main] JpaBaseConfiguration$JpaWebConfiguration : spring.jpa.open-in-view is enabled by default. Therefore, database queries may be performed during view rendering. Explicitly configure spring.jpa.open-in-view to disable this warning
2024-02-02T00:16:45.253Z  WARN 2250 --- [           main] o.s.b.a.m.MustacheAutoConfiguration      : Cannot find template location: classpath:/templates/ (please add some templates, check your Mustache configuration, or set spring.mustache.check-template-location=false)
2024-02-02T00:16:45.276Z  INFO 2250 --- [           main] o.s.b.w.embedded.tomcat.TomcatWebServer  : Tomcat started on port 35299 (http) with context path ''
2024-02-02T00:16:45.282Z  INFO 2250 --- [           main] p.c.f.web.TaskRestControllerTestIT       : Started TaskRestControllerTestIT in 0.337 seconds (process running for 14.027)
2024-02-02T00:16:45.295Z  INFO 2250 --- [o-auto-8-exec-1] o.a.c.c.C.[Tomcat].[localhost].[/]       : Initializing Spring DispatcherServlet 'dispatcherServlet'
2024-02-02T00:16:45.295Z  INFO 2250 --- [o-auto-8-exec-1] o.s.web.servlet.DispatcherServlet        : Initializing Servlet 'dispatcherServlet'
2024-02-02T00:16:45.296Z  INFO 2250 --- [o-auto-8-exec-1] o.s.web.servlet.DispatcherServlet        : Completed initialization in 1 ms
]]></system-out>
  </testcase>
  <testcase name="shouldGetExistentTask" classname="pt.com.francisco.web.TaskRestControllerTestIT" time="0.463">
    <system-out><![CDATA[2024-02-02T00:16:45.332Z  INFO 2250 --- [           main] j.LocalContainerEntityManagerFactoryBean : Closing JPA EntityManagerFactory for persistence unit 'default'
2024-02-02T00:16:45.334Z  INFO 2250 --- [           main] com.zaxxer.hikari.HikariDataSource       : HikariPool-8 - Shutdown initiated...
2024-02-02T00:16:45.335Z  INFO 2250 --- [           main] com.zaxxer.hikari.HikariDataSource       : HikariPool-8 - Shutdown completed.

  .   ____          _            __ _ _
 /\\ / ___'_ __ _ _(_)_ __  __ _ \ \ \ \
( ( )\___ | '_ | '_| | '_ \/ _` | \ \ \ \
 \\/  ___)| |_)| | | | | || (_| |  ) ) ) )
  '  |____| .__|_| |_|_| |_\__, | / / / /
 =========|_|==============|___/=/_/_/_/
 :: Spring Boot ::                (v3.2.0)

2024-02-02T00:16:45.355Z  INFO 2250 --- [           main] p.c.f.web.TaskRestControllerTestIT       : Starting TaskRestControllerTestIT using Java 17.0.10 with PID 2250 (started by runner in /home/runner/work/spring-java-template/spring-java-template/frameworks)
2024-02-02T00:16:45.355Z  INFO 2250 --- [           main] p.c.f.web.TaskRestControllerTestIT       : No active profile set, falling back to 1 default profile: "default"
2024-02-02T00:16:45.420Z  INFO 2250 --- [           main] .s.d.r.c.RepositoryConfigurationDelegate : Bootstrapping Spring Data JPA repositories in DEFAULT mode.
2024-02-02T00:16:45.424Z  INFO 2250 --- [           main] .s.d.r.c.RepositoryConfigurationDelegate : Finished Spring Data repository scanning in 3 ms. Found 1 JPA repository interface.
2024-02-02T00:16:45.488Z  INFO 2250 --- [           main] o.s.b.w.embedded.tomcat.TomcatWebServer  : Tomcat initialized with port 0 (http)
2024-02-02T00:16:45.489Z  INFO 2250 --- [           main] o.apache.catalina.core.StandardService   : Starting service [Tomcat]
2024-02-02T00:16:45.489Z  INFO 2250 --- [           main] o.apache.catalina.core.StandardEngine    : Starting Servlet engine: [Apache Tomcat/10.1.16]
2024-02-02T00:16:45.500Z  INFO 2250 --- [           main] o.a.c.c.C.[Tomcat].[localhost].[/]       : Initializing Spring embedded WebApplicationContext
2024-02-02T00:16:45.501Z  INFO 2250 --- [           main] w.s.c.ServletWebServerApplicationContext : Root WebApplicationContext: initialization completed in 145 ms
2024-02-02T00:16:45.534Z  INFO 2250 --- [           main] com.zaxxer.hikari.HikariDataSource       : HikariPool-9 - Starting...
2024-02-02T00:16:45.554Z  INFO 2250 --- [           main] com.zaxxer.hikari.pool.HikariPool        : HikariPool-9 - Added connection conn80: url=jdbc:h2:mem:1de2d0f5-6992-41cb-9430-cdba743ba5b6 user=SA
2024-02-02T00:16:45.554Z  INFO 2250 --- [           main] com.zaxxer.hikari.HikariDataSource       : HikariPool-9 - Start completed.
2024-02-02T00:16:45.556Z  INFO 2250 --- [           main] o.hibernate.jpa.internal.util.LogHelper  : HHH000204: Processing PersistenceUnitInfo [name: default]
2024-02-02T00:16:45.558Z  INFO 2250 --- [           main] o.h.c.internal.RegionFactoryInitiator    : HHH000026: Second-level cache disabled
2024-02-02T00:16:45.562Z  INFO 2250 --- [           main] o.s.o.j.p.SpringPersistenceUnitInfo      : No LoadTimeWeaver setup: ignoring JPA class transformer
2024-02-02T00:16:45.605Z  INFO 2250 --- [           main] o.h.e.t.j.p.i.JtaPlatformInitiator       : HHH000489: No JTA platform available (set 'hibernate.transaction.jta.platform' to enable JTA platform integration)
2024-02-02T00:16:45.609Z  INFO 2250 --- [           main] j.LocalContainerEntityManagerFactoryBean : Initialized JPA EntityManagerFactory for persistence unit 'default'
2024-02-02T00:16:45.670Z  WARN 2250 --- [           main] JpaBaseConfiguration$JpaWebConfiguration : spring.jpa.open-in-view is enabled by default. Therefore, database queries may be performed during view rendering. Explicitly configure spring.jpa.open-in-view to disable this warning
2024-02-02T00:16:45.708Z  WARN 2250 --- [           main] o.s.b.a.m.MustacheAutoConfiguration      : Cannot find template location: classpath:/templates/ (please add some templates, check your Mustache configuration, or set spring.mustache.check-template-location=false)
2024-02-02T00:16:45.733Z  INFO 2250 --- [           main] o.s.b.w.embedded.tomcat.TomcatWebServer  : Tomcat started on port 39241 (http) with context path ''
2024-02-02T00:16:45.738Z  INFO 2250 --- [           main] p.c.f.web.TaskRestControllerTestIT       : Started TaskRestControllerTestIT in 0.4 seconds (process running for 14.483)
2024-02-02T00:16:45.754Z  INFO 2250 --- [o-auto-9-exec-1] o.a.c.c.C.[Tomcat].[localhost].[/]       : Initializing Spring DispatcherServlet 'dispatcherServlet'
2024-02-02T00:16:45.754Z  INFO 2250 --- [o-auto-9-exec-1] o.s.web.servlet.DispatcherServlet        : Initializing Servlet 'dispatcherServlet'
2024-02-02T00:16:45.755Z  INFO 2250 --- [o-auto-9-exec-1] o.s.web.servlet.DispatcherServlet        : Completed initialization in 1 ms
]]></system-out>
  </testcase>
</testsuite>