<?xml version="1.0" encoding="UTF-8"?>
<testsuite xmlns:xsi="http://www.w3.org/2001/XMLSchema-instance" xsi:noNamespaceSchemaLocation="https://maven.apache.org/surefire/maven-surefire-plugin/xsd/surefire-test-report-3.0.xsd" version="3.0" name="pt.com.francisco.launchers.springboot.AppApplicationTests" time="6.866" tests="1" errors="0" skipped="0" failures="0">
  <properties>
[...]
</properties>
  <testcase name="contextLoads" classname="pt.com.francisco.launchers.springboot.AppApplicationTests" time="0.512">
    <system-out><![CDATA[00:16:22.392 [main] INFO org.springframework.test.context.support.AnnotationConfigContextLoaderUtils -- Could not detect default configuration classes for test class [pt.com.francisco.launchers.springboot.AppApplicationTests]: AppApplicationTests does not declare any static, non-private, non-final, nested classes annotated with @Configuration.
00:16:22.540 [main] INFO org.springframework.boot.test.context.SpringBootTestContextBootstrapper -- Found @SpringBootConfiguration pt.com.francisco.AppApplication for test class pt.com.francisco.launchers.springboot.AppApplicationTests

  .   ____          _            __ _ _
 /\\ / ___'_ __ _ _(_)_ __  __ _ \ \ \ \
( ( )\___ | '_ | '_| | '_ \/ _` | \ \ \ \
 \\/  ___)| |_)| | | | | || (_| |  ) ) ) )
  '  |____| .__|_| |_|_| |_\__, | / / / /
 =========|_|==============|___/=/_/_/_/
 :: Spring Boot ::                (v3.2.0)

2024-02-02T00:16:23.126Z  INFO 2138 --- [           main] p.c.f.l.springboot.AppApplicationTests   : Starting AppApplicationTests using Java 17.0.10 with PID 2138 (started by runner in /home/runner/work/spring-java-template/spring-java-template/frameworks)
2024-02-02T00:16:23.128Z  INFO 2138 --- [           main] p.c.f.l.springboot.AppApplicationTests   : No active profile set, falling back to 1 default profile: "default"
2024-02-02T00:16:24.191Z  INFO 2138 --- [           main] .s.d.r.c.RepositoryConfigurationDelegate : Bootstrapping Spring Data JPA repositories in DEFAULT mode.
2024-02-02T00:16:24.246Z  INFO 2138 --- [           main] .s.d.r.c.RepositoryConfigurationDelegate : Finished Spring Data repository scanning in 42 ms. Found 1 JPA repository interface.
2024-02-02T00:16:25.057Z  INFO 2138 --- [           main] com.zaxxer.hikari.HikariDataSource       : HikariPool-1 - Starting...
2024-02-02T00:16:25.462Z  INFO 2138 --- [           main] com.zaxxer.hikari.pool.HikariPool        : HikariPool-1 - Added connection conn0: url=jdbc:h2:mem:5c2568b7-b26a-4520-a753-2bb4bdcb1135 user=SA
2024-02-02T00:16:25.464Z  INFO 2138 --- [           main] com.zaxxer.hikari.HikariDataSource       : HikariPool-1 - Start completed.
2024-02-02T00:16:25.524Z  INFO 2138 --- [           main] o.hibernate.jpa.internal.util.LogHelper  : HHH000204: Processing PersistenceUnitInfo [name: default]
2024-02-02T00:16:25.598Z  INFO 2138 --- [           main] org.hibernate.Version                    : HHH000412: Hibernate ORM core version 6.3.1.Final
2024-02-02T00:16:25.655Z  INFO 2138 --- [           main] o.h.c.internal.RegionFactoryInitiator    : HHH000026: Second-level cache disabled
2024-02-02T00:16:26.051Z  INFO 2138 --- [           main] o.s.o.j.p.SpringPersistenceUnitInfo      : No LoadTimeWeaver setup: ignoring JPA class transformer
2024-02-02T00:16:27.503Z  INFO 2138 --- [           main] o.h.e.t.j.p.i.JtaPlatformInitiator       : HHH000489: No JTA platform available (set 'hibernate.transaction.jta.platform' to enable JTA platform integration)
2024-02-02T00:16:27.550Z  INFO 2138 --- [           main] j.LocalContainerEntityManagerFactoryBean : Initialized JPA EntityManagerFactory for persistence unit 'default'
2024-02-02T00:16:28.016Z  WARN 2138 --- [           main] JpaBaseConfiguration$JpaWebConfiguration : spring.jpa.open-in-view is enabled by default. Therefore, database queries may be performed during view rendering. Explicitly configure spring.jpa.open-in-view to disable this warning
2024-02-02T00:16:28.392Z  WARN 2138 --- [           main] o.s.b.a.m.MustacheAutoConfiguration      : Cannot find template location: classpath:/templates/ (please add some templates, check your Mustache configuration, or set spring.mustache.check-template-location=false)
2024-02-02T00:16:28.485Z  INFO 2138 --- [           main] p.c.f.l.springboot.AppApplicationTests   : Started AppApplicationTests in 5.757 seconds (process running for 7.405)
]]></system-out>
    <system-err><![CDATA[SLF4J: Class path contains multiple SLF4J providers.
SLF4J: Found provider [ch.qos.logback.classic.spi.LogbackServiceProvider@2a2da905]
SLF4J: Found provider [org.slf4j.simple.SimpleServiceProvider@24f360b2]
SLF4J: See https://www.slf4j.org/codes.html#multiple_bindings for an explanation.
SLF4J: Actual provider is of type [ch.qos.logback.classic.spi.LogbackServiceProvider@2a2da905]
]]></system-err>
  </testcase>
</testsuite>